<?xml version="1.0" encoding="UTF-8" ?>
<testsuite tests="4" failures="0" name="TestSuite" time="6.312" errors="0" skipped="0">
  <properties>
[...]
</properties>
  <testcase classname="SatishProjects.RestAssuredProject.NewTest" name="f" time="2.997"/>
  <testcase classname="SatishProjects.RestAssuredProject.NewTest" name="test_02" time="1.42"/>
  <testcase classname="SatishProjects.RestAssuredProject.Tests_GET" name="test_1" time="1.533"/>
  <testcase classname="test.RestAPITestsTest" name="whenMeasureResponseTime_thenOK" time="0.362"/>
</testsuite>