<?xml version="1.0" encoding="UTF-8"?>
<testng-results skipped="0" failed="0" ignored="0" total="1" passed="1">
  <reporter-output>
  </reporter-output>
  <suite name="Suite" duration-ms="3211" started-at="2021-11-26T19:55:58Z" finished-at="2021-11-26T19:56:01Z">
    <groups>
    </groups>
    <test name="Test" duration-ms="3211" started-at="2021-11-26T19:55:58Z" finished-at="2021-11-26T19:56:01Z">
      <class name="test.RestAPITestsTest">
        <test-method status="PASS" signature="whenMeasureResponseTime_thenOK()[pri:0, instance:test.RestAPITestsTest@1494225]" name="whenMeasureResponseTime_thenOK" duration-ms="3160" started-at="2021-11-26T14:55:58Z" finished-at="2021-11-26T14:56:01Z">
          <reporter-output>
          </reporter-output>
        </test-method> <!-- whenMeasureResponseTime_thenOK -->
      </class> <!-- test.RestAPITestsTest -->
    </test> <!-- Test -->
  </suite> <!-- Suite -->
</testng-results>
