<?xml version="1.0" encoding="UTF-8"?>
<!-- Generated by org.testng.reporters.JUnitXMLReporter -->
<testsuite hostname="User-PC" ignored="0" name="Command line test" tests="4" failures="0" timestamp="2021-11-26T16:23:14 EST" time="6.022" errors="0">
  <testcase name="f" time="2.525" classname="SatishProjects.RestAssuredProject.NewTest"/>
  <testcase name="test_02" time="0.799" classname="SatishProjects.RestAssuredProject.NewTest"/>
  <testcase name="test_1" time="1.683" classname="SatishProjects.RestAssuredProject.Tests_GET"/>
  <testcase name="whenMeasureResponseTime_thenOK" time="0.952" classname="test.RestAPITestsTest"/>
</testsuite> <!-- Command line test -->
