<?xml version="1.0" encoding="UTF-8"?>
<!-- Generated by org.testng.reporters.JUnitXMLReporter -->
<testsuite hostname="User-PC" ignored="0" name="Command line test" tests="4" failures="0" timestamp="2021-11-27T14:50:15 EST" time="6.378" errors="0">
  <testcase name="f" time="2.996" classname="SatishProjects.RestAssuredProject.NewTest"/>
  <testcase name="test_02" time="1.425" classname="SatishProjects.RestAssuredProject.NewTest"/>
  <testcase name="test_1" time="1.516" classname="SatishProjects.RestAssuredProject.Tests_GET"/>
  <testcase name="whenMeasureResponseTime_thenOK" time="0.379" classname="test.RestAPITestsTest"/>
</testsuite> <!-- Command line test -->
